# JRE version: OpenJDK Runtime Environment (17.0.9) (build 17.0.9+0--11185874)
# Java VM: OpenJDK 64-Bit Server VM (17.0.9+0--11185874, mixed mode, tiered, compressed oops, compressed class ptrs, g1 gc, windows-amd64)
GC Precious Log:
 CPUs: 12 total, 12 available
 Memory: 7955M
 Large Page Support: Disabled
 NUMA Support: Disabled
 Compressed Oops: Enabled (32-bit)
 Heap Region Size: 1M
 Heap Min Capacity: 8M
 Heap Initial Capacity: 126M
 Heap Max Capacity: 2G
 Pre-touch: Disabled
 Parallel Workers: 10
 Concurrent Workers: 3
 Concurrent Refinement Workers: 10
 Periodic GC: Disabled
Heap:
 garbage-first heap   total 89088K, used 34855K [0x0000000080000000, 0x0000000100000000)
  region size 1024K, 5 young (5120K), 5 survivors (5120K)
 Metaspace       used 54991K, committed 55552K, reserved 1114112K
  class space    used 7585K, committed 7808K, reserved 1048576K
GC Heap History (19 events):
Event: 0.547 GC heap before
{Heap before GC invocations=0 (full 0):
 garbage-first heap   total 129024K, used 26624K [0x0000000080000000, 0x0000000100000000)
  region size 1024K, 23 young (23552K), 0 survivors (0K)
 Metaspace       used 10501K, committed 10624K, reserved 1114112K
  class space    used 1091K, committed 1152K, reserved 1048576K
}
Event: 0.554 GC heap after
{Heap after GC invocations=1 (full 0):
 garbage-first heap   total 129024K, used 10821K [0x0000000080000000, 0x0000000100000000)
  region size 1024K, 3 young (3072K), 3 survivors (3072K)
 Metaspace       used 10501K, committed 10624K, reserved 1114112K
  class space    used 1091K, committed 1152K, reserved 1048576K
}
Event: 0.847 GC heap before
{Heap before GC invocations=1 (full 0):
 garbage-first heap   total 129024K, used 40517K [0x0000000080000000, 0x0000000100000000)
  region size 1024K, 31 young (31744K), 3 survivors (3072K)
 Metaspace       used 11457K, committed 11648K, reserved 1114112K
  class space    used 1197K, committed 1280K, reserved 1048576K
}
Event: 0.850 GC heap after
{Heap after GC invocations=2 (full 0):
 garbage-first heap   total 129024K, used 12539K [0x0000000080000000, 0x0000000100000000)
  region size 1024K, 2 young (2048K), 2 survivors (2048K)
 Metaspace       used 11457K, committed 11648K, reserved 1114112K
  class space    used 1197K, committed 1280K, reserved 1048576K
}
Event: 2.657 GC heap before
{Heap before GC invocations=2 (full 0):
 garbage-first heap   total 129024K, used 55547K [0x0000000080000000, 0x0000000100000000)
  region size 1024K, 45 young (46080K), 2 survivors (2048K)
 Metaspace       used 21310K, committed 21504K, reserved 1114112K
  class space    used 2517K, committed 2624K, reserved 1048576K
}
Event: 2.664 GC heap after
{Heap after GC invocations=3 (full 0):
 garbage-first heap   total 129024K, used 19322K [0x0000000080000000, 0x0000000100000000)
  region size 1024K, 9 young (9216K), 9 survivors (9216K)
 Metaspace       used 21310K, committed 21504K, reserved 1114112K
  class space    used 2517K, committed 2624K, reserved 1048576K
}
Event: 3.350 GC heap before
{Heap before GC invocations=4 (full 0):
 garbage-first heap   total 71680K, used 52090K [0x0000000080000000, 0x0000000100000000)
  region size 1024K, 42 young (43008K), 9 survivors (9216K)
 Metaspace       used 26589K, committed 26880K, reserved 1114112K
  class space    used 3425K, committed 3520K, reserved 1048576K
}
Event: 3.404 GC heap after
{Heap after GC invocations=5 (full 0):
 garbage-first heap   total 71680K, used 21116K [0x0000000080000000, 0x0000000100000000)
  region size 1024K, 3 young (3072K), 3 survivors (3072K)
 Metaspace       used 26589K, committed 26880K, reserved 1114112K
  class space    used 3425K, committed 3520K, reserved 1048576K
}
Event: 3.908 GC heap before
{Heap before GC invocations=5 (full 0):
 garbage-first heap   total 71680K, used 48764K [0x0000000080000000, 0x0000000100000000)
  region size 1024K, 31 young (31744K), 3 survivors (3072K)
 Metaspace       used 30548K, committed 30848K, reserved 1114112K
  class space    used 4065K, committed 4160K, reserved 1048576K
}
Event: 3.948 GC heap after
{Heap after GC invocations=6 (full 0):
 garbage-first heap   total 95232K, used 22270K [0x0000000080000000, 0x0000000100000000)
  region size 1024K, 4 young (4096K), 4 survivors (4096K)
 Metaspace       used 30548K, committed 30848K, reserved 1114112K
  class space    used 4065K, committed 4160K, reserved 1048576K
}
Event: 4.497 GC heap before
{Heap before GC invocations=6 (full 0):
 garbage-first heap   total 95232K, used 59134K [0x0000000080000000, 0x0000000100000000)
  region size 1024K, 41 young (41984K), 4 survivors (4096K)
 Metaspace       used 35625K, committed 35968K, reserved 1114112K
  class space    used 4854K, committed 5056K, reserved 1048576K
}
Event: 4.519 GC heap after
{Heap after GC invocations=7 (full 0):
 garbage-first heap   total 95232K, used 24058K [0x0000000080000000, 0x0000000100000000)
  region size 1024K, 4 young (4096K), 4 survivors (4096K)
 Metaspace       used 35625K, committed 35968K, reserved 1114112K
  class space    used 4854K, committed 5056K, reserved 1048576K
}
Event: 5.292 GC heap before
{Heap before GC invocations=8 (full 0):
 garbage-first heap   total 89088K, used 68090K [0x0000000080000000, 0x0000000100000000)
  region size 1024K, 48 young (49152K), 4 survivors (4096K)
 Metaspace       used 41809K, committed 42176K, reserved 1114112K
  class space    used 5566K, committed 5760K, reserved 1048576K
}
Event: 5.296 GC heap after
{Heap after GC invocations=9 (full 0):
 garbage-first heap   total 89088K, used 28267K [0x0000000080000000, 0x0000000100000000)
  region size 1024K, 6 young (6144K), 6 survivors (6144K)
 Metaspace       used 41809K, committed 42176K, reserved 1114112K
  class space    used 5566K, committed 5760K, reserved 1048576K
}
Event: 5.795 GC heap before
{Heap before GC invocations=9 (full 0):
 garbage-first heap   total 89088K, used 68203K [0x0000000080000000, 0x0000000100000000)
  region size 1024K, 44 young (45056K), 6 survivors (6144K)
 Metaspace       used 45942K, committed 46336K, reserved 1114112K
  class space    used 6156K, committed 6336K, reserved 1048576K
}
Event: 5.812 GC heap after
{Heap after GC invocations=10 (full 0):
 garbage-first heap   total 89088K, used 31021K [0x0000000080000000, 0x0000000100000000)
  region size 1024K, 3 young (3072K), 3 survivors (3072K)
 Metaspace       used 45942K, committed 46336K, reserved 1114112K
  class space    used 6156K, committed 6336K, reserved 1048576K
}
Event: 6.371 GC heap before
{Heap before GC invocations=10 (full 0):
 garbage-first heap   total 89088K, used 67885K [0x0000000080000000, 0x0000000100000000)
  region size 1024K, 39 young (39936K), 3 survivors (3072K)
 Metaspace       used 50747K, committed 51136K, reserved 1114112K
  class space    used 6900K, committed 7104K, reserved 1048576K
}
Event: 6.396 GC heap after
{Heap after GC invocations=11 (full 0):
 garbage-first heap   total 89088K, used 32671K [0x0000000080000000, 0x0000000100000000)
  region size 1024K, 5 young (5120K), 5 survivors (5120K)
 Metaspace       used 50747K, committed 51136K, reserved 1114112K
  class space    used 6900K, committed 7104K, reserved 1048576K
}
Event: 7.026 GC heap before
{Heap before GC invocations=11 (full 0):
 garbage-first heap   total 89088K, used 68511K [0x0000000080000000, 0x0000000100000000)
  region size 1024K, 40 young (40960K), 5 survivors (5120K)
 Metaspace       used 54991K, committed 55552K, reserved 1114112K
  class space    used 7585K, committed 7808K, reserved 1048576K
}

