# JRE version: OpenJDK Runtime Environment (17.0.9) (build 17.0.9+0--11185874)
# Java VM: OpenJDK 64-Bit Server VM (17.0.9+0--11185874, mixed mode, tiered, compressed oops, compressed class ptrs, g1 gc, windows-amd64)
GC Precious Log:
 CPUs: 12 total, 12 available
 Memory: 7955M
 Large Page Support: Disabled
 NUMA Support: Disabled
 Compressed Oops: Enabled (32-bit)
 Heap Region Size: 1M
 Heap Min Capacity: 8M
 Heap Initial Capacity: 126M
 Heap Max Capacity: 2G
 Pre-touch: Disabled
 Parallel Workers: 10
 Concurrent Workers: 3
 Concurrent Refinement Workers: 10
 Periodic GC: Disabled
Heap:
 garbage-first heap   total 171008K, used 105645K [0x0000000080000000, 0x0000000100000000)
  region size 1024K, 1 young (1024K), 1 survivors (1024K)
 Metaspace       used 106726K, committed 107520K, reserved 1179648K
  class space    used 14695K, committed 15104K, reserved 1048576K
GC Heap History (20 events):
Event: 14.288 GC heap after
{Heap after GC invocations=28 (full 0):
 garbage-first heap   total 160768K, used 77973K [0x0000000080000000, 0x0000000100000000)
  region size 1024K, 8 young (8192K), 8 survivors (8192K)
 Metaspace       used 92678K, committed 93440K, reserved 1179648K
  class space    used 13095K, committed 13440K, reserved 1048576K
}
Event: 14.783 GC heap before
{Heap before GC invocations=28 (full 0):
 garbage-first heap   total 160768K, used 128149K [0x0000000080000000, 0x0000000100000000)
  region size 1024K, 58 young (59392K), 8 survivors (8192K)
 Metaspace       used 93257K, committed 94016K, reserved 1179648K
  class space    used 13143K, committed 13504K, reserved 1048576K
}
Event: 14.791 GC heap after
{Heap after GC invocations=29 (full 0):
 garbage-first heap   total 160768K, used 82313K [0x0000000080000000, 0x0000000100000000)
  region size 1024K, 6 young (6144K), 6 survivors (6144K)
 Metaspace       used 93257K, committed 94016K, reserved 1179648K
  class space    used 13143K, committed 13504K, reserved 1048576K
}
Event: 15.078 GC heap before
{Heap before GC invocations=29 (full 0):
 garbage-first heap   total 160768K, used 128393K [0x0000000080000000, 0x0000000100000000)
  region size 1024K, 52 young (53248K), 6 survivors (6144K)
 Metaspace       used 93812K, committed 94528K, reserved 1179648K
  class space    used 13183K, committed 13504K, reserved 1048576K
}
Event: 15.084 GC heap after
{Heap after GC invocations=30 (full 0):
 garbage-first heap   total 160768K, used 86012K [0x0000000080000000, 0x0000000100000000)
  region size 1024K, 4 young (4096K), 4 survivors (4096K)
 Metaspace       used 93812K, committed 94528K, reserved 1179648K
  class space    used 13183K, committed 13504K, reserved 1048576K
}
Event: 108.060 GC heap before
{Heap before GC invocations=31 (full 0):
 garbage-first heap   total 171008K, used 130044K [0x0000000080000000, 0x0000000100000000)
  region size 1024K, 47 young (48128K), 4 survivors (4096K)
 Metaspace       used 95815K, committed 96640K, reserved 1179648K
  class space    used 13440K, committed 13824K, reserved 1048576K
}
Event: 108.168 GC heap after
{Heap after GC invocations=32 (full 0):
 garbage-first heap   total 171008K, used 88583K [0x0000000080000000, 0x0000000100000000)
  region size 1024K, 3 young (3072K), 3 survivors (3072K)
 Metaspace       used 95815K, committed 96640K, reserved 1179648K
  class space    used 13440K, committed 13824K, reserved 1048576K
}
Event: 108.296 GC heap before
{Heap before GC invocations=32 (full 0):
 garbage-first heap   total 171008K, used 93703K [0x0000000080000000, 0x0000000100000000)
  region size 1024K, 8 young (8192K), 3 survivors (3072K)
 Metaspace       used 95834K, committed 96640K, reserved 1179648K
  class space    used 13442K, committed 13824K, reserved 1048576K
}
Event: 108.324 GC heap after
{Heap after GC invocations=33 (full 0):
 garbage-first heap   total 171008K, used 88310K [0x0000000080000000, 0x0000000100000000)
  region size 1024K, 1 young (1024K), 1 survivors (1024K)
 Metaspace       used 95834K, committed 96640K, reserved 1179648K
  class space    used 13442K, committed 13824K, reserved 1048576K
}
Event: 109.533 GC heap before
{Heap before GC invocations=33 (full 0):
 garbage-first heap   total 171008K, used 139510K [0x0000000080000000, 0x0000000100000000)
  region size 1024K, 52 young (53248K), 1 survivors (1024K)
 Metaspace       used 96550K, committed 97280K, reserved 1179648K
  class space    used 13461K, committed 13824K, reserved 1048576K
}
Event: 109.546 GC heap after
{Heap after GC invocations=34 (full 0):
 garbage-first heap   total 171008K, used 94029K [0x0000000080000000, 0x0000000100000000)
  region size 1024K, 7 young (7168K), 7 survivors (7168K)
 Metaspace       used 96550K, committed 97280K, reserved 1179648K
  class space    used 13461K, committed 13824K, reserved 1048576K
}
Event: 110.466 GC heap before
{Heap before GC invocations=35 (full 0):
 garbage-first heap   total 171008K, used 143181K [0x0000000080000000, 0x0000000100000000)
  region size 1024K, 51 young (52224K), 7 survivors (7168K)
 Metaspace       used 101396K, committed 102208K, reserved 1179648K
  class space    used 14092K, committed 14464K, reserved 1048576K
}
Event: 110.499 GC heap after
{Heap after GC invocations=36 (full 0):
 garbage-first heap   total 171008K, used 99223K [0x0000000080000000, 0x0000000100000000)
  region size 1024K, 6 young (6144K), 6 survivors (6144K)
 Metaspace       used 101396K, committed 102208K, reserved 1179648K
  class space    used 14092K, committed 14464K, reserved 1048576K
}
Event: 110.536 GC heap before
{Heap before GC invocations=36 (full 0):
 garbage-first heap   total 171008K, used 100247K [0x0000000080000000, 0x0000000100000000)
  region size 1024K, 8 young (8192K), 6 survivors (6144K)
 Metaspace       used 101803K, committed 102528K, reserved 1179648K
  class space    used 14137K, committed 14464K, reserved 1048576K
}
Event: 110.560 GC heap after
{Heap after GC invocations=37 (full 0):
 garbage-first heap   total 171008K, used 93047K [0x0000000080000000, 0x0000000100000000)
  region size 1024K, 1 young (1024K), 1 survivors (1024K)
 Metaspace       used 101803K, committed 102528K, reserved 1179648K
  class space    used 14137K, committed 14464K, reserved 1048576K
}
Event: 110.745 GC heap before
{Heap before GC invocations=37 (full 0):
 garbage-first heap   total 171008K, used 106359K [0x0000000080000000, 0x0000000100000000)
  region size 1024K, 16 young (16384K), 1 survivors (1024K)
 Metaspace       used 104649K, committed 105408K, reserved 1179648K
  class space    used 14445K, committed 14784K, reserved 1048576K
}
Event: 110.748 GC heap after
{Heap after GC invocations=38 (full 0):
 garbage-first heap   total 171008K, used 93969K [0x0000000080000000, 0x0000000100000000)
  region size 1024K, 2 young (2048K), 2 survivors (2048K)
 Metaspace       used 104649K, committed 105408K, reserved 1179648K
  class space    used 14445K, committed 14784K, reserved 1048576K
}
Event: 111.286 GC heap before
{Heap before GC invocations=39 (full 0):
 garbage-first heap   total 171008K, used 142097K [0x0000000080000000, 0x0000000100000000)
  region size 1024K, 47 young (48128K), 2 survivors (2048K)
 Metaspace       used 106670K, committed 107520K, reserved 1179648K
  class space    used 14690K, committed 15104K, reserved 1048576K
}
Event: 111.305 GC heap after
{Heap after GC invocations=40 (full 0):
 garbage-first heap   total 171008K, used 106048K [0x0000000080000000, 0x0000000100000000)
  region size 1024K, 6 young (6144K), 6 survivors (6144K)
 Metaspace       used 106670K, committed 107520K, reserved 1179648K
  class space    used 14690K, committed 15104K, reserved 1048576K
}
Event: 111.315 GC heap before
{Heap before GC invocations=40 (full 0):
 garbage-first heap   total 171008K, used 108096K [0x0000000080000000, 0x0000000100000000)
  region size 1024K, 8 young (8192K), 6 survivors (6144K)
 Metaspace       used 106726K, committed 107520K, reserved 1179648K
  class space    used 14695K, committed 15104K, reserved 1048576K
}

